00:56:58,249 (main) INFO  [uniandes.isis2304.parranderos.interfazDemo.InterfazSuperandes] - Se encontró un archivo de configuración válido: Interfaz
00:56:58,250 (main) INFO  [uniandes.isis2304.parranderos.interfazDemo.InterfazSuperandes] - Se aplica configuración indicada en el archivo de configuración
00:56:58,264 (main) INFO  [uniandes.isis2304.parranderos.interfazDemo.InterfazSuperandes] - Se encontró un archivo de configuración válido: Tablas BD
00:57:25,074 (AWT-EventQueue-0) INFO  [uniandes.isis2304.parranderos.negocio.SuperAndes] - Adicionando sucursal [exito, carrera 16, bogota, 1000]
00:57:26,128 (AWT-EventQueue-0) INFO  [uniandes.isis2304.parranderos.negocio.SuperAndes] - Adicionando visitan: Sucursal [nombre=exito, direccion=carrera 16 ciudad=bogota area=1000] tuplas insertadas
00:58:20,875 (AWT-EventQueue-0) INFO  [uniandes.isis2304.parranderos.negocio.SuperAndes] - Adicionando producto [oreos]
00:58:21,224 (AWT-EventQueue-0) INFO  [uniandes.isis2304.parranderos.negocio.SuperAndes] - Adicionando visitan: Producto [codigo=61, nombre=oreos, marca=oreo, precioUnitario=1000, presentacionpaquetes de 4, precioUnidadMedida=1000, cantidadPresentacion4, unidadMedida=gr, volumenEmpaque=2, pesoEmpaque=250, tipoProducto=galletacategoriaAlmacenamientoharinas] tuplas insertadas
00:59:29,336 (AWT-EventQueue-0) INFO  [uniandes.isis2304.parranderos.negocio.SuperAndes] - Adicionando proveedor [matias]
00:59:29,381 (AWT-EventQueue-0) ERROR [uniandes.isis2304.parranderos.persistencia.PersistenciaParranderos] - Exception : Error con la ejecucion de Query de SQL "INSERT INTO PROVEEDORES(nit, nombre, calificacion) values (?, ?, ?)".
ORA-02290: restricción de control (ISIS2304D14202220.SYS_C00769052) violada

00:59:29,416 (AWT-EventQueue-0) INFO  [uniandes.isis2304.parranderos.negocio.SuperAndes] - Adicionando visitan: null tuplas insertadas
00:59:44,368 (AWT-EventQueue-0) INFO  [uniandes.isis2304.parranderos.negocio.SuperAndes] - Adicionando proveedor [matias]
00:59:44,413 (AWT-EventQueue-0) INFO  [uniandes.isis2304.parranderos.negocio.SuperAndes] - Adicionando visitan: uniandes.isis2304.parranderos.negocio.Proveedores@5ddee191 tuplas insertadas
01:10:07,491 (main) INFO  [uniandes.isis2304.parranderos.interfazDemo.InterfazSuperandes] - Se encontró un archivo de configuración válido: Interfaz
01:10:07,492 (main) INFO  [uniandes.isis2304.parranderos.interfazDemo.InterfazSuperandes] - Se aplica configuración indicada en el archivo de configuración
01:10:07,506 (main) INFO  [uniandes.isis2304.parranderos.interfazDemo.InterfazSuperandes] - Se encontró un archivo de configuración válido: Tablas BD
01:10:51,890 (AWT-EventQueue-0) INFO  [uniandes.isis2304.parranderos.negocio.SuperAndes] - Adicionando PrecioCompraProducto [1000]
01:10:51,988 (AWT-EventQueue-0) ERROR [uniandes.isis2304.parranderos.persistencia.PersistenciaParranderos] - Exception : Cannot invoke "uniandes.isis2304.parranderos.persistencia.SQLAcuerdosCompra.adicionarAcuerdoCompra(javax.jdo.PersistenceManager, String, String, long, long, long, long, long)" because "this.sqlAcuerdosCompra" is null

01:10:51,990 (AWT-EventQueue-0) INFO  [uniandes.isis2304.parranderos.negocio.SuperAndes] - Adicionando Bodega: null tuplas insertadas
01:13:34,342 (main) INFO  [uniandes.isis2304.parranderos.interfazDemo.InterfazSuperandes] - Se encontró un archivo de configuración válido: Interfaz
01:13:34,343 (main) INFO  [uniandes.isis2304.parranderos.interfazDemo.InterfazSuperandes] - Se aplica configuración indicada en el archivo de configuración
01:13:34,356 (main) INFO  [uniandes.isis2304.parranderos.interfazDemo.InterfazSuperandes] - Se encontró un archivo de configuración válido: Tablas BD
01:14:13,384 (AWT-EventQueue-0) INFO  [uniandes.isis2304.parranderos.negocio.SuperAndes] - Adicionando PrecioCompraProducto [1000]
01:14:13,485 (AWT-EventQueue-0) ERROR [uniandes.isis2304.parranderos.persistencia.PersistenciaParranderos] - Exception : Cannot invoke "uniandes.isis2304.parranderos.persistencia.SQLAcuerdosCompra.adicionarAcuerdoCompra(javax.jdo.PersistenceManager, String, String, long, long, long, long, long)" because "this.sqlAcuerdosCompra" is null

01:14:13,487 (AWT-EventQueue-0) INFO  [uniandes.isis2304.parranderos.negocio.SuperAndes] - Adicionando Bodega: null tuplas insertadas
01:19:34,401 (main) INFO  [uniandes.isis2304.parranderos.interfazDemo.InterfazSuperandes] - Se encontró un archivo de configuración válido: Interfaz
01:19:34,402 (main) INFO  [uniandes.isis2304.parranderos.interfazDemo.InterfazSuperandes] - Se aplica configuración indicada en el archivo de configuración
01:19:34,416 (main) INFO  [uniandes.isis2304.parranderos.interfazDemo.InterfazSuperandes] - Se encontró un archivo de configuración válido: Tablas BD
01:20:09,619 (AWT-EventQueue-0) INFO  [uniandes.isis2304.parranderos.negocio.SuperAndes] - Adicionando PrecioCompraProducto [12]
01:20:09,695 (AWT-EventQueue-0) ERROR [uniandes.isis2304.parranderos.persistencia.PersistenciaParranderos] - Exception : Cannot invoke "uniandes.isis2304.parranderos.persistencia.SQLAcuerdosCompra.adicionarAcuerdoCompra(javax.jdo.PersistenceManager, String, String, long, long, long, long, long)" because "this.sqlAcuerdosCompra" is null

01:20:09,696 (AWT-EventQueue-0) INFO  [uniandes.isis2304.parranderos.negocio.SuperAndes] - Adicionando Bodega: null tuplas insertadas
01:25:24,795 (main) INFO  [uniandes.isis2304.parranderos.interfazDemo.InterfazSuperandes] - Se encontró un archivo de configuración válido: Interfaz
01:25:24,796 (main) INFO  [uniandes.isis2304.parranderos.interfazDemo.InterfazSuperandes] - Se aplica configuración indicada en el archivo de configuración
01:25:24,811 (main) INFO  [uniandes.isis2304.parranderos.interfazDemo.InterfazSuperandes] - Se encontró un archivo de configuración válido: Tablas BD
01:26:09,710 (AWT-EventQueue-0) INFO  [uniandes.isis2304.parranderos.negocio.SuperAndes] - Adicionando PrecioCompraProducto [100]
01:26:09,794 (AWT-EventQueue-0) ERROR [uniandes.isis2304.parranderos.persistencia.PersistenciaParranderos] - Exception : Cannot invoke "uniandes.isis2304.parranderos.persistencia.SQLAcuerdosCompra.adicionarAcuerdoCompra(javax.jdo.PersistenceManager, String, String, long, long, long, long, long)" because "this.sqlAcuerdosCompra" is null

01:26:09,796 (AWT-EventQueue-0) INFO  [uniandes.isis2304.parranderos.negocio.SuperAndes] - Adicionando Acuerdo de Compra: null tuplas insertadas
01:32:34,036 (main) INFO  [uniandes.isis2304.parranderos.interfazDemo.InterfazSuperandes] - Se encontró un archivo de configuración válido: Interfaz
01:32:34,036 (main) INFO  [uniandes.isis2304.parranderos.interfazDemo.InterfazSuperandes] - Se aplica configuración indicada en el archivo de configuración
01:32:34,054 (main) INFO  [uniandes.isis2304.parranderos.interfazDemo.InterfazSuperandes] - Se encontró un archivo de configuración válido: Tablas BD
01:32:54,136 (AWT-EventQueue-0) INFO  [uniandes.isis2304.parranderos.negocio.SuperAndes] - Adicionando PrecioCompraProducto [5]
01:32:54,159 (AWT-EventQueue-0) ERROR [uniandes.isis2304.parranderos.persistencia.PersistenciaParranderos] - Exception : Cannot invoke "uniandes.isis2304.parranderos.persistencia.SQLAcuerdosCompra.adicionarAcuerdoCompra(javax.jdo.PersistenceManager, String, String, long, long, long, long, long)" because "this.sqlAcuerdosCompra" is null

01:32:54,160 (AWT-EventQueue-0) INFO  [uniandes.isis2304.parranderos.negocio.SuperAndes] - Adicionando Acuerdo de Compra: null tuplas insertadas
01:38:59,662 (main) INFO  [uniandes.isis2304.parranderos.interfazDemo.InterfazSuperandes] - Se encontró un archivo de configuración válido: Interfaz
01:38:59,663 (main) INFO  [uniandes.isis2304.parranderos.interfazDemo.InterfazSuperandes] - Se aplica configuración indicada en el archivo de configuración
01:38:59,679 (main) INFO  [uniandes.isis2304.parranderos.interfazDemo.InterfazSuperandes] - Se encontró un archivo de configuración válido: Tablas BD
01:39:16,966 (AWT-EventQueue-0) INFO  [uniandes.isis2304.parranderos.negocio.SuperAndes] - Adicionando PrecioCompraProducto [1]
01:39:16,989 (AWT-EventQueue-0) ERROR [uniandes.isis2304.parranderos.persistencia.PersistenciaParranderos] - Exception : Cannot invoke "uniandes.isis2304.parranderos.persistencia.SQLAcuerdosCompra.adicionarAcuerdoCompra(javax.jdo.PersistenceManager, String, String, long, long, long, long, long)" because "this.sqlAcuerdosCompra" is null

01:39:16,991 (AWT-EventQueue-0) INFO  [uniandes.isis2304.parranderos.negocio.SuperAndes] - Adicionando Acuerdo de Compra: null tuplas insertadas
01:41:11,158 (AWT-EventQueue-0) INFO  [uniandes.isis2304.parranderos.negocio.SuperAndes] - Adicionando bodegaCapacidad [7]
01:41:12,518 (AWT-EventQueue-0) INFO  [uniandes.isis2304.parranderos.negocio.SuperAndes] - Adicionando Bodega: uniandes.isis2304.parranderos.negocio.Bodega@1676386b tuplas insertadas
01:43:03,784 (main) INFO  [uniandes.isis2304.parranderos.interfazDemo.InterfazSuperandes] - Se encontró un archivo de configuración válido: Interfaz
01:43:03,785 (main) INFO  [uniandes.isis2304.parranderos.interfazDemo.InterfazSuperandes] - Se aplica configuración indicada en el archivo de configuración
01:43:03,799 (main) INFO  [uniandes.isis2304.parranderos.interfazDemo.InterfazSuperandes] - Se encontró un archivo de configuración válido: Tablas BD
01:43:17,239 (AWT-EventQueue-0) INFO  [uniandes.isis2304.parranderos.negocio.SuperAndes] - Adicionando bodegaCapacidad [3]
01:43:18,249 (AWT-EventQueue-0) ERROR [uniandes.isis2304.parranderos.persistencia.PersistenciaParranderos] - Exception : Error con la ejecucion de Query de SQL "INSERT INTO BODEGAS (codigo, ciudadSucursal, direccionSucursal, categoriaAlmacenamiento, volumenLimite) values (?, ?, ?, ?, ?)".
ORA-02291: restricción de integridad (ISIS2304D14202220.SYS_C00769063) violada - clave principal no encontrada

01:43:18,265 (AWT-EventQueue-0) INFO  [uniandes.isis2304.parranderos.negocio.SuperAndes] - Adicionando Bodega: null tuplas insertadas
01:46:08,105 (main) INFO  [uniandes.isis2304.parranderos.interfazDemo.InterfazSuperandes] - Se encontró un archivo de configuración válido: Interfaz
01:46:08,106 (main) INFO  [uniandes.isis2304.parranderos.interfazDemo.InterfazSuperandes] - Se aplica configuración indicada en el archivo de configuración
01:46:08,123 (main) INFO  [uniandes.isis2304.parranderos.interfazDemo.InterfazSuperandes] - Se encontró un archivo de configuración válido: Tablas BD
01:46:17,584 (AWT-EventQueue-0) INFO  [uniandes.isis2304.parranderos.negocio.SuperAndes] - Adicionando PrecioCompraProducto [7]
01:46:17,609 (AWT-EventQueue-0) ERROR [uniandes.isis2304.parranderos.persistencia.PersistenciaParranderos] - Exception : Cannot invoke "uniandes.isis2304.parranderos.persistencia.SQLAcuerdosCompra.adicionarAcuerdoCompra(javax.jdo.PersistenceManager, String, String, long, long, long, long, long)" because "this.sqlAcuerdosCompra" is null

01:46:17,610 (AWT-EventQueue-0) INFO  [uniandes.isis2304.parranderos.negocio.SuperAndes] - Adicionando Acuerdo de Compra: null tuplas insertadas
01:50:27,844 (main) INFO  [uniandes.isis2304.parranderos.interfazDemo.InterfazSuperandes] - Se encontró un archivo de configuración válido: Interfaz
01:50:27,844 (main) INFO  [uniandes.isis2304.parranderos.interfazDemo.InterfazSuperandes] - Se aplica configuración indicada en el archivo de configuración
01:50:27,859 (main) INFO  [uniandes.isis2304.parranderos.interfazDemo.InterfazSuperandes] - Se encontró un archivo de configuración válido: Tablas BD
01:50:45,695 (AWT-EventQueue-0) INFO  [uniandes.isis2304.parranderos.negocio.SuperAndes] - Adicionando PrecioCompraProducto [7]
01:50:45,720 (AWT-EventQueue-0) ERROR [uniandes.isis2304.parranderos.persistencia.PersistenciaParranderos] - Exception : Cannot invoke "uniandes.isis2304.parranderos.persistencia.SQLAcuerdosCompra.adicionarAcuerdoCompra(javax.jdo.PersistenceManager, String, String, long, long, long, long, long)" because "this.sqlAcuerdosCompra" is null

01:50:45,722 (AWT-EventQueue-0) INFO  [uniandes.isis2304.parranderos.negocio.SuperAndes] - Adicionando Acuerdo de Compra: null tuplas insertadas
01:56:38,142 (main) INFO  [uniandes.isis2304.parranderos.interfazDemo.InterfazSuperandes] - Se encontró un archivo de configuración válido: Interfaz
01:56:38,142 (main) INFO  [uniandes.isis2304.parranderos.interfazDemo.InterfazSuperandes] - Se aplica configuración indicada en el archivo de configuración
01:56:38,157 (main) INFO  [uniandes.isis2304.parranderos.interfazDemo.InterfazSuperandes] - Se encontró un archivo de configuración válido: Tablas BD
01:56:47,697 (AWT-EventQueue-0) INFO  [uniandes.isis2304.parranderos.negocio.SuperAndes] - Adicionando PrecioCompraProducto [7]
01:56:47,721 (AWT-EventQueue-0) ERROR [uniandes.isis2304.parranderos.persistencia.PersistenciaParranderos] - Exception : Cannot invoke "uniandes.isis2304.parranderos.persistencia.SQLAcuerdosCompra.adicionarAcuerdoCompra(javax.jdo.PersistenceManager, String, String, long, long, long, long, long)" because "this.sqlAcuerdosCompra" is null

01:56:47,723 (AWT-EventQueue-0) INFO  [uniandes.isis2304.parranderos.negocio.SuperAndes] - Adicionando Acuerdo de Compra: null tuplas insertadas
02:02:34,170 (main) INFO  [uniandes.isis2304.parranderos.interfazDemo.InterfazSuperandes] - Se encontró un archivo de configuración válido: Interfaz
02:02:34,170 (main) INFO  [uniandes.isis2304.parranderos.interfazDemo.InterfazSuperandes] - Se aplica configuración indicada en el archivo de configuración
02:02:34,184 (main) INFO  [uniandes.isis2304.parranderos.interfazDemo.InterfazSuperandes] - Se encontró un archivo de configuración válido: Tablas BD
02:02:44,328 (AWT-EventQueue-0) INFO  [uniandes.isis2304.parranderos.negocio.SuperAndes] - Adicionando PrecioCompraProducto [7]
02:02:44,354 (AWT-EventQueue-0) ERROR [uniandes.isis2304.parranderos.persistencia.PersistenciaParranderos] - Exception : Cannot invoke "uniandes.isis2304.parranderos.persistencia.SQLAcuerdosCompra.adicionarAcuerdoCompra(javax.jdo.PersistenceManager, String, String, long, long, long, long, long)" because "this.sqlAcuerdosCompra" is null

02:02:44,356 (AWT-EventQueue-0) INFO  [uniandes.isis2304.parranderos.negocio.SuperAndes] - Adicionando Acuerdo de Compra: null tuplas insertadas
02:04:32,314 (main) INFO  [uniandes.isis2304.parranderos.interfazDemo.InterfazSuperandes] - Se encontró un archivo de configuración válido: Interfaz
02:04:32,315 (main) INFO  [uniandes.isis2304.parranderos.interfazDemo.InterfazSuperandes] - Se aplica configuración indicada en el archivo de configuración
02:04:32,329 (main) INFO  [uniandes.isis2304.parranderos.interfazDemo.InterfazSuperandes] - Se encontró un archivo de configuración válido: Tablas BD
02:04:39,305 (AWT-EventQueue-0) INFO  [uniandes.isis2304.parranderos.negocio.SuperAndes] - Adicionando PrecioCompraProducto [4]
02:04:39,329 (AWT-EventQueue-0) ERROR [uniandes.isis2304.parranderos.persistencia.PersistenciaParranderos] - Exception : Cannot invoke "uniandes.isis2304.parranderos.persistencia.SQLAcuerdosCompra.adicionarAcuerdoCompra(javax.jdo.PersistenceManager, String, String, long, long, long, long, long)" because "this.sqlAcuerdosCompra" is null

02:04:39,331 (AWT-EventQueue-0) INFO  [uniandes.isis2304.parranderos.negocio.SuperAndes] - Adicionando Acuerdo de Compra: null tuplas insertadas
02:07:02,336 (main) INFO  [uniandes.isis2304.parranderos.interfazDemo.InterfazSuperandes] - Se encontró un archivo de configuración válido: Interfaz
02:07:02,337 (main) INFO  [uniandes.isis2304.parranderos.interfazDemo.InterfazSuperandes] - Se aplica configuración indicada en el archivo de configuración
02:07:02,351 (main) INFO  [uniandes.isis2304.parranderos.interfazDemo.InterfazSuperandes] - Se encontró un archivo de configuración válido: Tablas BD
02:07:10,930 (AWT-EventQueue-0) INFO  [uniandes.isis2304.parranderos.negocio.SuperAndes] - Adicionando PrecioCompraProducto [7]
02:07:10,961 (AWT-EventQueue-0) INFO  [uniandes.isis2304.parranderos.negocio.SuperAndes] - Adicionando Acuerdo de Compra: uniandes.isis2304.parranderos.negocio.AcuerdoCompra@600ec625 tuplas insertadas
02:08:21,051 (main) INFO  [uniandes.isis2304.parranderos.interfazDemo.InterfazSuperandes] - Se encontró un archivo de configuración válido: Interfaz
02:08:21,051 (main) INFO  [uniandes.isis2304.parranderos.interfazDemo.InterfazSuperandes] - Se aplica configuración indicada en el archivo de configuración
02:08:21,066 (main) INFO  [uniandes.isis2304.parranderos.interfazDemo.InterfazSuperandes] - Se encontró un archivo de configuración válido: Tablas BD
02:08:31,834 (AWT-EventQueue-0) INFO  [uniandes.isis2304.parranderos.negocio.SuperAndes] - Adicionando PrecioCompraProducto [7]
02:08:31,857 (AWT-EventQueue-0) ERROR [uniandes.isis2304.parranderos.persistencia.PersistenciaParranderos] - Exception : Cannot invoke "uniandes.isis2304.parranderos.persistencia.SQLAcuerdosCompra.adicionarAcuerdoCompra(javax.jdo.PersistenceManager, String, String, long, long, long, long, long)" because "this.sqlAcuerdosCompra" is null

02:08:31,859 (AWT-EventQueue-0) INFO  [uniandes.isis2304.parranderos.negocio.SuperAndes] - Adicionando Acuerdo de Compra: null tuplas insertadas
02:19:38,229 (main) INFO  [uniandes.isis2304.parranderos.interfazDemo.InterfazSuperandes] - Se encontró un archivo de configuración válido: Interfaz
02:19:38,230 (main) INFO  [uniandes.isis2304.parranderos.interfazDemo.InterfazSuperandes] - Se aplica configuración indicada en el archivo de configuración
02:19:38,246 (main) INFO  [uniandes.isis2304.parranderos.interfazDemo.InterfazSuperandes] - Se encontró un archivo de configuración válido: Tablas BD
02:19:48,629 (AWT-EventQueue-0) INFO  [uniandes.isis2304.parranderos.negocio.SuperAndes] - Adicionando PrecioCompraProducto [3]
02:19:48,994 (AWT-EventQueue-0) ERROR [uniandes.isis2304.parranderos.persistencia.PersistenciaParranderos] - Exception : Error con la ejecucion de Query de SQL "INSERT INTO ESTANTES (codigo, ciudadSucursal, direccionSucursal, volumenLimite, pesoLimite, tipoProducto) values (?, ?, ?, ?, ?, ?)".
ORA-02291: restricción de integridad (ISIS2304D14202220.SYS_C00769068) violada - clave principal no encontrada

02:19:49,017 (AWT-EventQueue-0) INFO  [uniandes.isis2304.parranderos.negocio.SuperAndes] - Adicionando Acuerdo de Compra: null tuplas insertadas
02:21:00,583 (main) INFO  [uniandes.isis2304.parranderos.interfazDemo.InterfazSuperandes] - Se encontró un archivo de configuración válido: Interfaz
02:21:00,583 (main) INFO  [uniandes.isis2304.parranderos.interfazDemo.InterfazSuperandes] - Se aplica configuración indicada en el archivo de configuración
02:21:00,598 (main) INFO  [uniandes.isis2304.parranderos.interfazDemo.InterfazSuperandes] - Se encontró un archivo de configuración válido: Tablas BD
02:21:10,103 (AWT-EventQueue-0) INFO  [uniandes.isis2304.parranderos.negocio.SuperAndes] - Adicionando PrecioCompraProducto [1]
02:21:10,422 (AWT-EventQueue-0) ERROR [uniandes.isis2304.parranderos.persistencia.PersistenciaParranderos] - Exception : Error con la ejecucion de Query de SQL "INSERT INTO ESTANTES (codigo, ciudadSucursal, direccionSucursal, volumenLimite, pesoLimite, tipoProducto) values (?, ?, ?, ?, ?, ?)".
ORA-02291: restricción de integridad (ISIS2304D14202220.SYS_C00769068) violada - clave principal no encontrada

02:21:10,443 (AWT-EventQueue-0) INFO  [uniandes.isis2304.parranderos.negocio.SuperAndes] - Adicionando Acuerdo de Compra: null tuplas insertadas
02:30:06,156 (main) INFO  [uniandes.isis2304.parranderos.interfazDemo.InterfazSuperandes] - Se encontró un archivo de configuración válido: Interfaz
02:30:06,157 (main) INFO  [uniandes.isis2304.parranderos.interfazDemo.InterfazSuperandes] - Se aplica configuración indicada en el archivo de configuración
02:30:06,172 (main) INFO  [uniandes.isis2304.parranderos.interfazDemo.InterfazSuperandes] - Se encontró un archivo de configuración válido: Tablas BD
02:30:15,381 (AWT-EventQueue-0) INFO  [uniandes.isis2304.parranderos.negocio.SuperAndes] - Adicionando PrecioCompraProducto [7]
02:30:15,402 (AWT-EventQueue-0) ERROR [uniandes.isis2304.parranderos.persistencia.PersistenciaParranderos] - Exception : Cannot invoke "uniandes.isis2304.parranderos.persistencia.SQLAcuerdosCompra.adicionarAcuerdoCompra()" because "this.sqlAcuerdosCompra" is null

02:30:15,404 (AWT-EventQueue-0) INFO  [uniandes.isis2304.parranderos.negocio.SuperAndes] - Adicionando Acuerdo de Compra: null tuplas insertadas
02:37:48,040 (main) INFO  [uniandes.isis2304.parranderos.interfazDemo.InterfazSuperandes] - Se encontró un archivo de configuración válido: Interfaz
02:37:48,041 (main) INFO  [uniandes.isis2304.parranderos.interfazDemo.InterfazSuperandes] - Se aplica configuración indicada en el archivo de configuración
02:37:48,056 (main) INFO  [uniandes.isis2304.parranderos.interfazDemo.InterfazSuperandes] - Se encontró un archivo de configuración válido: Tablas BD
02:37:56,539 (AWT-EventQueue-0) INFO  [uniandes.isis2304.parranderos.negocio.SuperAndes] - Adicionando PrecioCompraProducto [7]
02:37:56,565 (AWT-EventQueue-0) ERROR [uniandes.isis2304.parranderos.persistencia.PersistenciaParranderos] - Exception : Cannot invoke "uniandes.isis2304.parranderos.persistencia.SQLAcuerdosCompra.adicionarAcuerdoCompra(long)" because "this.sqlAcuerdosCompra" is null

02:37:56,567 (AWT-EventQueue-0) INFO  [uniandes.isis2304.parranderos.negocio.SuperAndes] - Adicionando Acuerdo de Compra: null tuplas insertadas
02:38:53,221 (main) INFO  [uniandes.isis2304.parranderos.interfazDemo.InterfazSuperandes] - Se encontró un archivo de configuración válido: Interfaz
02:38:53,221 (main) INFO  [uniandes.isis2304.parranderos.interfazDemo.InterfazSuperandes] - Se aplica configuración indicada en el archivo de configuración
02:38:53,236 (main) INFO  [uniandes.isis2304.parranderos.interfazDemo.InterfazSuperandes] - Se encontró un archivo de configuración válido: Tablas BD
02:56:19,126 (main) INFO  [uniandes.isis2304.parranderos.interfazDemo.InterfazSuperandes] - Se encontró un archivo de configuración válido: Interfaz
02:56:19,126 (main) INFO  [uniandes.isis2304.parranderos.interfazDemo.InterfazSuperandes] - Se aplica configuración indicada en el archivo de configuración
02:56:19,141 (main) INFO  [uniandes.isis2304.parranderos.interfazDemo.InterfazSuperandes] - Se encontró un archivo de configuración válido: Tablas BD
02:56:29,223 (AWT-EventQueue-0) INFO  [uniandes.isis2304.parranderos.negocio.SuperAndes] - Adicionando PrecioCompraProducto [7]
02:56:29,293 (AWT-EventQueue-0) INFO  [uniandes.isis2304.parranderos.negocio.SuperAndes] - Adicionando Acuerdo de Compra: uniandes.isis2304.parranderos.negocio.AcuerdoCompra@628c68c7 tuplas insertadas
03:03:43,816 (main) INFO  [uniandes.isis2304.parranderos.interfazDemo.InterfazSuperandes] - Se encontró un archivo de configuración válido: Interfaz
03:03:43,816 (main) INFO  [uniandes.isis2304.parranderos.interfazDemo.InterfazSuperandes] - Se aplica configuración indicada en el archivo de configuración
03:03:43,833 (main) INFO  [uniandes.isis2304.parranderos.interfazDemo.InterfazSuperandes] - Se encontró un archivo de configuración válido: Tablas BD
03:03:51,777 (AWT-EventQueue-0) INFO  [uniandes.isis2304.parranderos.negocio.SuperAndes] - Adicionando PrecioCompraProducto [8]
03:03:52,625 (AWT-EventQueue-0) INFO  [uniandes.isis2304.parranderos.negocio.SuperAndes] - Adicionando Acuerdo de Compra: uniandes.isis2304.parranderos.negocio.AcuerdoCompra@1db42574 tuplas insertadas
03:08:41,176 (main) INFO  [uniandes.isis2304.parranderos.interfazDemo.InterfazSuperandes] - Se encontró un archivo de configuración válido: Interfaz
03:08:41,177 (main) INFO  [uniandes.isis2304.parranderos.interfazDemo.InterfazSuperandes] - Se aplica configuración indicada en el archivo de configuración
03:08:41,191 (main) INFO  [uniandes.isis2304.parranderos.interfazDemo.InterfazSuperandes] - Se encontró un archivo de configuración válido: Tablas BD
03:09:07,890 (AWT-EventQueue-0) INFO  [uniandes.isis2304.parranderos.negocio.SuperAndes] - Adicionando PrecioCompraProducto [5]
03:09:08,351 (AWT-EventQueue-0) ERROR [uniandes.isis2304.parranderos.persistencia.PersistenciaParranderos] - Exception : Error con la ejecucion de Query de SQL "UPDATE AcuerdosCompra SET ciudadSucursal = ?, direccionSucursal = ?, proveedor = ?, producto = ?, precioCompraProducto = ?, precioVentaProducto = ?, nivelReorden = ? WHERE ciudadSucursal = ?, direccionSucursal = ? and proveedor = ? and producto = ?".
ORA-00933: comando SQL no terminado correctamente

03:09:08,380 (AWT-EventQueue-0) INFO  [uniandes.isis2304.parranderos.negocio.SuperAndes] - Adicionando Acuerdo de Compra: null tuplas insertadas
03:10:12,752 (main) INFO  [uniandes.isis2304.parranderos.interfazDemo.InterfazSuperandes] - Se encontró un archivo de configuración válido: Interfaz
03:10:12,753 (main) INFO  [uniandes.isis2304.parranderos.interfazDemo.InterfazSuperandes] - Se aplica configuración indicada en el archivo de configuración
03:10:12,767 (main) INFO  [uniandes.isis2304.parranderos.interfazDemo.InterfazSuperandes] - Se encontró un archivo de configuración válido: Tablas BD
03:10:44,049 (AWT-EventQueue-0) INFO  [uniandes.isis2304.parranderos.negocio.SuperAndes] - Adicionando PrecioCompraProducto [7]
03:10:44,422 (AWT-EventQueue-0) ERROR [uniandes.isis2304.parranderos.persistencia.PersistenciaParranderos] - Exception : Error con la ejecucion de Query de SQL "UPDATE AcuerdosCompra SET ciudadSucursal = ?, direccionSucursal = ?, proveedor = ?, producto = ?, precioCompraProducto = ?, precioVentaProducto = ?, nivelReorden = ? WHERE ciudadSucursal = ?, direccionSucursal = ? and proveedor = ? and producto = ?".
ORA-00933: comando SQL no terminado correctamente

03:10:44,447 (AWT-EventQueue-0) INFO  [uniandes.isis2304.parranderos.negocio.SuperAndes] - Adicionando Acuerdo de Compra: null tuplas insertadas
03:11:38,726 (main) INFO  [uniandes.isis2304.parranderos.interfazDemo.InterfazSuperandes] - Se encontró un archivo de configuración válido: Interfaz
03:11:38,727 (main) INFO  [uniandes.isis2304.parranderos.interfazDemo.InterfazSuperandes] - Se aplica configuración indicada en el archivo de configuración
03:11:38,741 (main) INFO  [uniandes.isis2304.parranderos.interfazDemo.InterfazSuperandes] - Se encontró un archivo de configuración válido: Tablas BD
03:12:48,438 (main) INFO  [uniandes.isis2304.parranderos.interfazDemo.InterfazSuperandes] - Se encontró un archivo de configuración válido: Interfaz
03:12:48,439 (main) INFO  [uniandes.isis2304.parranderos.interfazDemo.InterfazSuperandes] - Se aplica configuración indicada en el archivo de configuración
03:12:48,454 (main) INFO  [uniandes.isis2304.parranderos.interfazDemo.InterfazSuperandes] - Se encontró un archivo de configuración válido: Tablas BD
03:13:35,864 (AWT-EventQueue-0) INFO  [uniandes.isis2304.parranderos.negocio.SuperAndes] - Adicionando PrecioCompraProducto [7]
03:13:36,516 (AWT-EventQueue-0) ERROR [uniandes.isis2304.parranderos.persistencia.PersistenciaParranderos] - Exception : Error con la ejecucion de Query de SQL "UPDATE AcuerdosCompra SET ciudadSucursal = ?, direccionSucursal = ?, proveedor = ?, producto = ?, precioCompraProducto = ?, precioVentaProducto = ?, nivelReorden = ? WHERE ciudadSucursal = ?, direccionSucursal = ? and proveedor = ? and producto = ?".
ORA-00933: comando SQL no terminado correctamente

03:13:36,552 (AWT-EventQueue-0) INFO  [uniandes.isis2304.parranderos.negocio.SuperAndes] - Adicionando Acuerdo de Compra: null tuplas insertadas
03:14:08,550 (main) INFO  [uniandes.isis2304.parranderos.interfazDemo.InterfazSuperandes] - Se encontró un archivo de configuración válido: Interfaz
03:14:08,551 (main) INFO  [uniandes.isis2304.parranderos.interfazDemo.InterfazSuperandes] - Se aplica configuración indicada en el archivo de configuración
03:14:08,566 (main) INFO  [uniandes.isis2304.parranderos.interfazDemo.InterfazSuperandes] - Se encontró un archivo de configuración válido: Tablas BD
03:15:07,109 (AWT-EventQueue-0) INFO  [uniandes.isis2304.parranderos.negocio.SuperAndes] - Adicionando PrecioCompraProducto [1000]
03:15:07,498 (AWT-EventQueue-0) ERROR [uniandes.isis2304.parranderos.persistencia.PersistenciaParranderos] - Exception : Error con la ejecucion de Query de SQL "UPDATE AcuerdosCompra SET ciudadSucursal = ?, direccionSucursal = ?, proveedor = ?, producto = ?, precioCompraProducto = ?, precioVentaProducto = ?, nivelReorden = ? WHERE ciudadSucursal = ?, direccionSucursal = ? and proveedor = ? and producto = ?".
ORA-00933: comando SQL no terminado correctamente

03:15:07,526 (AWT-EventQueue-0) INFO  [uniandes.isis2304.parranderos.negocio.SuperAndes] - Adicionando Acuerdo de Compra: null tuplas insertadas
03:17:19,371 (main) INFO  [uniandes.isis2304.parranderos.interfazDemo.InterfazSuperandes] - Se encontró un archivo de configuración válido: Interfaz
03:17:19,371 (main) INFO  [uniandes.isis2304.parranderos.interfazDemo.InterfazSuperandes] - Se aplica configuración indicada en el archivo de configuración
03:17:19,386 (main) INFO  [uniandes.isis2304.parranderos.interfazDemo.InterfazSuperandes] - Se encontró un archivo de configuración válido: Tablas BD
03:17:37,661 (AWT-EventQueue-0) INFO  [uniandes.isis2304.parranderos.negocio.SuperAndes] - Adicionando PrecioCompraProducto [7]
03:18:11,483 (main) INFO  [uniandes.isis2304.parranderos.interfazDemo.InterfazSuperandes] - Se encontró un archivo de configuración válido: Interfaz
03:18:11,483 (main) INFO  [uniandes.isis2304.parranderos.interfazDemo.InterfazSuperandes] - Se aplica configuración indicada en el archivo de configuración
03:18:11,498 (main) INFO  [uniandes.isis2304.parranderos.interfazDemo.InterfazSuperandes] - Se encontró un archivo de configuración válido: Tablas BD
03:18:28,285 (AWT-EventQueue-0) INFO  [uniandes.isis2304.parranderos.negocio.SuperAndes] - Adicionando PrecioCompraProducto [7]
03:18:28,609 (AWT-EventQueue-0) ERROR [uniandes.isis2304.parranderos.persistencia.PersistenciaParranderos] - Exception : Error con la ejecucion de Query de SQL "UPDATE AcuerdosCompra SET ciudadSucursal = ?, direccionSucursal = ?, proveedor = ?, producto = ?, precioCompraProducto = ?, precioVentaProducto = ?, nivelReorden = ? WHERE ciudadSucursal = ?, direccionSucursal = ? and proveedor = ? and producto = ?".
ORA-00933: comando SQL no terminado correctamente

03:18:28,645 (AWT-EventQueue-0) INFO  [uniandes.isis2304.parranderos.negocio.SuperAndes] - Adicionando Acuerdo de Compra: null tuplas insertadas
03:20:32,615 (main) INFO  [uniandes.isis2304.parranderos.interfazDemo.InterfazSuperandes] - Se encontró un archivo de configuración válido: Interfaz
03:20:32,616 (main) INFO  [uniandes.isis2304.parranderos.interfazDemo.InterfazSuperandes] - Se aplica configuración indicada en el archivo de configuración
03:20:32,631 (main) INFO  [uniandes.isis2304.parranderos.interfazDemo.InterfazSuperandes] - Se encontró un archivo de configuración válido: Tablas BD
03:21:07,439 (AWT-EventQueue-0) INFO  [uniandes.isis2304.parranderos.negocio.SuperAndes] - Adicionando PrecioCompraProducto [7]
03:21:07,822 (AWT-EventQueue-0) ERROR [uniandes.isis2304.parranderos.persistencia.PersistenciaParranderos] - Exception : Error con la ejecucion de Query de SQL "UPDATE AcuerdosCompra SET ciudadSucursal = ?, direccionSucursal = ?, proveedor = ?, producto = ?, precioCompraProducto = ?, precioVentaProducto = ?, nivelReorden = ? WHERE ciudadSucursal = ?, direccionSucursal = ? and proveedor = ? and producto = ?".
ORA-00933: comando SQL no terminado correctamente

03:21:07,858 (AWT-EventQueue-0) INFO  [uniandes.isis2304.parranderos.negocio.SuperAndes] - Adicionando Acuerdo de Compra: null tuplas insertadas
03:25:29,070 (main) INFO  [uniandes.isis2304.parranderos.interfazDemo.InterfazSuperandes] - Se encontró un archivo de configuración válido: Interfaz
03:25:29,071 (main) INFO  [uniandes.isis2304.parranderos.interfazDemo.InterfazSuperandes] - Se aplica configuración indicada en el archivo de configuración
03:25:29,086 (main) INFO  [uniandes.isis2304.parranderos.interfazDemo.InterfazSuperandes] - Se encontró un archivo de configuración válido: Tablas BD
03:25:49,506 (AWT-EventQueue-0) INFO  [uniandes.isis2304.parranderos.negocio.SuperAndes] - Adicionando PrecioCompraProducto [1]
03:25:50,320 (AWT-EventQueue-0) INFO  [uniandes.isis2304.parranderos.negocio.SuperAndes] - Adicionando Acuerdo de Compra: uniandes.isis2304.parranderos.negocio.AcuerdoCompra@3a0eb63b tuplas insertadas
13:30:31,953 (main) INFO  [uniandes.isis2304.parranderos.interfazDemo.InterfazSuperandes] - Se encontró un archivo de configuración válido: Interfaz
13:30:31,954 (main) INFO  [uniandes.isis2304.parranderos.interfazDemo.InterfazSuperandes] - Se aplica configuración indicada en el archivo de configuración
13:30:31,976 (main) INFO  [uniandes.isis2304.parranderos.interfazDemo.InterfazSuperandes] - Se encontró un archivo de configuración válido: Tablas BD
13:31:15,076 (AWT-EventQueue-0) INFO  [uniandes.isis2304.parranderos.negocio.SuperAndes] - Registrando numDocumento [1000592166]
13:31:16,534 (AWT-EventQueue-0) INFO  [uniandes.isis2304.parranderos.negocio.SuperAndes] - Registrado cliente: uniandes.isis2304.parranderos.negocio.Clientes@76d572fc tuplas insertadas
15:34:01,111 (main) INFO  [uniandes.isis2304.parranderos.interfazDemo.InterfazSuperandes] - Se encontró un archivo de configuración válido: Interfaz
15:34:01,112 (main) INFO  [uniandes.isis2304.parranderos.interfazDemo.InterfazSuperandes] - Se aplica configuración indicada en el archivo de configuración
15:34:01,133 (main) INFO  [uniandes.isis2304.parranderos.interfazDemo.InterfazSuperandes] - Se encontró un archivo de configuración válido: Tablas BD
15:34:28,995 (AWT-EventQueue-0) INFO  [uniandes.isis2304.parranderos.negocio.SuperAndes] - Registrando cliente [1000592166]
15:34:29,026 (AWT-EventQueue-0) ERROR [uniandes.isis2304.parranderos.persistencia.PersistenciaParranderos] - Exception : Cannot invoke "uniandes.isis2304.parranderos.persistencia.SQLClienteSucursal.registrarClienteSucursal(javax.jdo.PersistenceManager, String, String, long)" because "this.sqlClienteSucursal" is null

15:34:29,029 (AWT-EventQueue-0) INFO  [uniandes.isis2304.parranderos.negocio.SuperAndes] - Registrado cliente: null tuplas insertadas
15:37:10,327 (main) INFO  [uniandes.isis2304.parranderos.interfazDemo.InterfazSuperandes] - Se encontró un archivo de configuración válido: Interfaz
15:37:10,328 (main) INFO  [uniandes.isis2304.parranderos.interfazDemo.InterfazSuperandes] - Se aplica configuración indicada en el archivo de configuración
15:37:10,348 (main) INFO  [uniandes.isis2304.parranderos.interfazDemo.InterfazSuperandes] - Se encontró un archivo de configuración válido: Tablas BD
15:37:31,507 (AWT-EventQueue-0) INFO  [uniandes.isis2304.parranderos.negocio.SuperAndes] - Registrando cliente [1000592166]
15:37:31,533 (AWT-EventQueue-0) ERROR [uniandes.isis2304.parranderos.persistencia.PersistenciaParranderos] - Exception : Cannot invoke "uniandes.isis2304.parranderos.persistencia.SQLClienteSucursal.registrarClienteSucursal(javax.jdo.PersistenceManager, String, String, long)" because "this.sqlClienteSucursal" is null

15:37:31,535 (AWT-EventQueue-0) INFO  [uniandes.isis2304.parranderos.negocio.SuperAndes] - Registrado cliente: null tuplas insertadas
15:40:17,938 (main) INFO  [uniandes.isis2304.parranderos.interfazDemo.InterfazSuperandes] - Se encontró un archivo de configuración válido: Interfaz
15:40:17,939 (main) INFO  [uniandes.isis2304.parranderos.interfazDemo.InterfazSuperandes] - Se aplica configuración indicada en el archivo de configuración
15:40:17,958 (main) INFO  [uniandes.isis2304.parranderos.interfazDemo.InterfazSuperandes] - Se encontró un archivo de configuración válido: Tablas BD
15:40:35,083 (AWT-EventQueue-0) INFO  [uniandes.isis2304.parranderos.negocio.SuperAndes] - Registrando cliente [1000592166]
15:40:36,615 (AWT-EventQueue-0) ERROR [uniandes.isis2304.parranderos.persistencia.PersistenciaParranderos] - Exception : Error con la ejecucion de Query de SQL "INSERT INTO ClientesSucursales (ciudadSucursal, direccionSucursal, cliente) VALUES (?,?,?)".
ORA-00904: "DIRECCIONSUCURSAL": identificador no válido

15:40:36,684 (AWT-EventQueue-0) INFO  [uniandes.isis2304.parranderos.negocio.SuperAndes] - Registrado cliente: null tuplas insertadas
15:47:39,007 (AWT-EventQueue-0) INFO  [uniandes.isis2304.parranderos.negocio.SuperAndes] - Registrando cliente [1000592166]
15:47:39,062 (AWT-EventQueue-0) ERROR [uniandes.isis2304.parranderos.persistencia.PersistenciaParranderos] - Exception : Error con la ejecucion de Query de SQL "INSERT INTO ClientesSucursales (ciudadSucursal, direccionSucursal, cliente) VALUES (?,?,?)".
ORA-00904: "DIRECCIONSUCURSAL": identificador no válido

15:47:39,090 (AWT-EventQueue-0) INFO  [uniandes.isis2304.parranderos.negocio.SuperAndes] - Registrado cliente: null tuplas insertadas
15:51:51,256 (main) INFO  [uniandes.isis2304.parranderos.interfazDemo.InterfazSuperandes] - Se encontró un archivo de configuración válido: Interfaz
15:51:51,256 (main) INFO  [uniandes.isis2304.parranderos.interfazDemo.InterfazSuperandes] - Se aplica configuración indicada en el archivo de configuración
15:51:51,273 (main) INFO  [uniandes.isis2304.parranderos.interfazDemo.InterfazSuperandes] - Se encontró un archivo de configuración válido: Tablas BD
15:52:57,330 (AWT-EventQueue-0) INFO  [uniandes.isis2304.parranderos.negocio.SuperAndes] - Registrando cliente [1000592166]
15:52:58,256 (AWT-EventQueue-0) ERROR [uniandes.isis2304.parranderos.persistencia.PersistenciaParranderos] - Exception : Error con la ejecucion de Query de SQL "INSERT INTO ClientesSucursales (ciudadSucursal, direccionSucursal, cliente) VALUES (?,?,?)".
ORA-00904: "DIRECCIONSUCURSAL": identificador no válido

15:52:58,291 (AWT-EventQueue-0) INFO  [uniandes.isis2304.parranderos.negocio.SuperAndes] - Registrado cliente: null tuplas insertadas
15:59:49,576 (AWT-EventQueue-0) INFO  [uniandes.isis2304.parranderos.negocio.SuperAndes] - Registrando cliente [1000592166]
15:59:50,514 (AWT-EventQueue-0) INFO  [uniandes.isis2304.parranderos.negocio.SuperAndes] - Registrado cliente: uniandes.isis2304.parranderos.negocio.ClienteSucursal@589a1919 tuplas insertadas
17:59:09,833 (main) INFO  [uniandes.isis2304.parranderos.interfazDemo.InterfazSuperandes] - Se encontró un archivo de configuración válido: Interfaz
17:59:09,834 (main) INFO  [uniandes.isis2304.parranderos.interfazDemo.InterfazSuperandes] - Se aplica configuración indicada en el archivo de configuración
17:59:09,853 (main) INFO  [uniandes.isis2304.parranderos.interfazDemo.InterfazSuperandes] - Se encontró un archivo de configuración válido: Tablas BD
18:05:40,722 (main) INFO  [uniandes.isis2304.parranderos.interfazDemo.InterfazSuperandes] - Se encontró un archivo de configuración válido: Interfaz
18:05:40,723 (main) INFO  [uniandes.isis2304.parranderos.interfazDemo.InterfazSuperandes] - Se aplica configuración indicada en el archivo de configuración
18:05:40,742 (main) INFO  [uniandes.isis2304.parranderos.interfazDemo.InterfazSuperandes] - Se encontró un archivo de configuración válido: Tablas BD
18:05:57,633 (AWT-EventQueue-0) INFO  [uniandes.isis2304.parranderos.negocio.SuperAndes] - Iniciando sesión del usuario [10]
18:06:52,987 (main) INFO  [uniandes.isis2304.parranderos.interfazDemo.InterfazSuperandes] - Se encontró un archivo de configuración válido: Interfaz
18:06:52,987 (main) INFO  [uniandes.isis2304.parranderos.interfazDemo.InterfazSuperandes] - Se aplica configuración indicada en el archivo de configuración
18:06:53,010 (main) INFO  [uniandes.isis2304.parranderos.interfazDemo.InterfazSuperandes] - Se encontró un archivo de configuración válido: Tablas BD
18:07:05,410 (AWT-EventQueue-0) INFO  [uniandes.isis2304.parranderos.negocio.SuperAndes] - Iniciando sesión del usuario [10]
18:07:55,983 (main) INFO  [uniandes.isis2304.parranderos.interfazDemo.InterfazSuperandes] - Se encontró un archivo de configuración válido: Interfaz
18:07:55,983 (main) INFO  [uniandes.isis2304.parranderos.interfazDemo.InterfazSuperandes] - Se aplica configuración indicada en el archivo de configuración
18:07:56,002 (main) INFO  [uniandes.isis2304.parranderos.interfazDemo.InterfazSuperandes] - Se encontró un archivo de configuración válido: Tablas BD
18:08:12,094 (AWT-EventQueue-0) INFO  [uniandes.isis2304.parranderos.negocio.SuperAndes] - Iniciando sesión del usuario [10]
18:09:10,026 (main) INFO  [uniandes.isis2304.parranderos.interfazDemo.InterfazSuperandes] - Se encontró un archivo de configuración válido: Interfaz
18:09:10,027 (main) INFO  [uniandes.isis2304.parranderos.interfazDemo.InterfazSuperandes] - Se aplica configuración indicada en el archivo de configuración
18:09:10,047 (main) INFO  [uniandes.isis2304.parranderos.interfazDemo.InterfazSuperandes] - Se encontró un archivo de configuración válido: Tablas BD
18:09:22,290 (AWT-EventQueue-0) INFO  [uniandes.isis2304.parranderos.negocio.SuperAndes] - Iniciando sesión del usuario [10]
18:09:53,547 (main) INFO  [uniandes.isis2304.parranderos.interfazDemo.InterfazSuperandes] - Se encontró un archivo de configuración válido: Interfaz
18:09:53,548 (main) INFO  [uniandes.isis2304.parranderos.interfazDemo.InterfazSuperandes] - Se aplica configuración indicada en el archivo de configuración
18:09:53,576 (main) INFO  [uniandes.isis2304.parranderos.interfazDemo.InterfazSuperandes] - Se encontró un archivo de configuración válido: Tablas BD
18:10:03,742 (AWT-EventQueue-0) INFO  [uniandes.isis2304.parranderos.negocio.SuperAndes] - Iniciando sesión del usuario [10]
18:11:34,717 (main) INFO  [uniandes.isis2304.parranderos.interfazDemo.InterfazSuperandes] - Se encontró un archivo de configuración válido: Interfaz
18:11:34,717 (main) INFO  [uniandes.isis2304.parranderos.interfazDemo.InterfazSuperandes] - Se aplica configuración indicada en el archivo de configuración
18:11:34,742 (main) INFO  [uniandes.isis2304.parranderos.interfazDemo.InterfazSuperandes] - Se encontró un archivo de configuración válido: Tablas BD
18:11:48,320 (AWT-EventQueue-0) INFO  [uniandes.isis2304.parranderos.negocio.SuperAndes] - Iniciando sesión del usuario [10]
18:12:21,108 (main) INFO  [uniandes.isis2304.parranderos.interfazDemo.InterfazSuperandes] - Se encontró un archivo de configuración válido: Interfaz
18:12:21,108 (main) INFO  [uniandes.isis2304.parranderos.interfazDemo.InterfazSuperandes] - Se aplica configuración indicada en el archivo de configuración
18:12:21,129 (main) INFO  [uniandes.isis2304.parranderos.interfazDemo.InterfazSuperandes] - Se encontró un archivo de configuración válido: Tablas BD
18:12:32,009 (AWT-EventQueue-0) INFO  [uniandes.isis2304.parranderos.negocio.SuperAndes] - Iniciando sesión del usuario [10]
18:13:10,897 (main) INFO  [uniandes.isis2304.parranderos.interfazDemo.InterfazSuperandes] - Se encontró un archivo de configuración válido: Interfaz
18:13:10,898 (main) INFO  [uniandes.isis2304.parranderos.interfazDemo.InterfazSuperandes] - Se aplica configuración indicada en el archivo de configuración
18:13:10,917 (main) INFO  [uniandes.isis2304.parranderos.interfazDemo.InterfazSuperandes] - Se encontró un archivo de configuración válido: Tablas BD
18:13:23,177 (AWT-EventQueue-0) INFO  [uniandes.isis2304.parranderos.negocio.SuperAndes] - Iniciando sesión del usuario [10]
18:13:56,049 (main) INFO  [uniandes.isis2304.parranderos.interfazDemo.InterfazSuperandes] - Se encontró un archivo de configuración válido: Interfaz
18:13:56,050 (main) INFO  [uniandes.isis2304.parranderos.interfazDemo.InterfazSuperandes] - Se aplica configuración indicada en el archivo de configuración
18:13:56,072 (main) INFO  [uniandes.isis2304.parranderos.interfazDemo.InterfazSuperandes] - Se encontró un archivo de configuración válido: Tablas BD
18:14:07,851 (AWT-EventQueue-0) INFO  [uniandes.isis2304.parranderos.negocio.SuperAndes] - Iniciando sesión del usuario [10]
18:17:10,784 (main) INFO  [uniandes.isis2304.parranderos.interfazDemo.InterfazSuperandes] - Se encontró un archivo de configuración válido: Interfaz
18:17:10,785 (main) INFO  [uniandes.isis2304.parranderos.interfazDemo.InterfazSuperandes] - Se aplica configuración indicada en el archivo de configuración
18:17:10,808 (main) INFO  [uniandes.isis2304.parranderos.interfazDemo.InterfazSuperandes] - Se encontró un archivo de configuración válido: Tablas BD
18:17:21,947 (AWT-EventQueue-0) INFO  [uniandes.isis2304.parranderos.negocio.SuperAndes] - Iniciando sesión del usuario [10]
18:17:42,041 (main) INFO  [uniandes.isis2304.parranderos.interfazDemo.InterfazSuperandes] - Se encontró un archivo de configuración válido: Interfaz
18:17:42,042 (main) INFO  [uniandes.isis2304.parranderos.interfazDemo.InterfazSuperandes] - Se aplica configuración indicada en el archivo de configuración
18:17:42,067 (main) INFO  [uniandes.isis2304.parranderos.interfazDemo.InterfazSuperandes] - Se encontró un archivo de configuración válido: Tablas BD
18:17:52,298 (AWT-EventQueue-0) INFO  [uniandes.isis2304.parranderos.negocio.SuperAndes] - Iniciando sesión del usuario [10]
18:24:01,962 (main) INFO  [uniandes.isis2304.parranderos.interfazDemo.InterfazSuperandes] - Se encontró un archivo de configuración válido: Interfaz
18:24:01,963 (main) INFO  [uniandes.isis2304.parranderos.interfazDemo.InterfazSuperandes] - Se aplica configuración indicada en el archivo de configuración
18:24:01,983 (main) INFO  [uniandes.isis2304.parranderos.interfazDemo.InterfazSuperandes] - Se encontró un archivo de configuración válido: Tablas BD
18:24:26,917 (AWT-EventQueue-0) INFO  [uniandes.isis2304.parranderos.negocio.SuperAndes] - Iniciando sesión del usuario [10]
18:30:08,213 (main) INFO  [uniandes.isis2304.parranderos.interfazDemo.InterfazSuperandes] - Se encontró un archivo de configuración válido: Interfaz
18:30:08,214 (main) INFO  [uniandes.isis2304.parranderos.interfazDemo.InterfazSuperandes] - Se aplica configuración indicada en el archivo de configuración
18:30:08,236 (main) INFO  [uniandes.isis2304.parranderos.interfazDemo.InterfazSuperandes] - Se encontró un archivo de configuración válido: Tablas BD
18:30:28,989 (AWT-EventQueue-0) INFO  [uniandes.isis2304.parranderos.negocio.SuperAndes] - Iniciando sesión del usuario [10]
18:31:32,813 (main) INFO  [uniandes.isis2304.parranderos.interfazDemo.InterfazSuperandes] - Se encontró un archivo de configuración válido: Interfaz
18:31:32,814 (main) INFO  [uniandes.isis2304.parranderos.interfazDemo.InterfazSuperandes] - Se aplica configuración indicada en el archivo de configuración
18:31:32,839 (main) INFO  [uniandes.isis2304.parranderos.interfazDemo.InterfazSuperandes] - Se encontró un archivo de configuración válido: Tablas BD
18:31:44,895 (AWT-EventQueue-0) INFO  [uniandes.isis2304.parranderos.negocio.SuperAndes] - Iniciando sesión del usuario [10]
18:31:45,013 (AWT-EventQueue-0) INFO  [uniandes.isis2304.parranderos.negocio.SuperAndes] - Obtenido usuario: [uniandes.isis2304.parranderos.negocio.Usuarios@1c379bf7]
18:53:59,280 (main) INFO  [uniandes.isis2304.parranderos.interfazDemo.InterfazSuperandes] - Se encontró un archivo de configuración válido: Interfaz
18:53:59,281 (main) INFO  [uniandes.isis2304.parranderos.interfazDemo.InterfazSuperandes] - Se aplica configuración indicada en el archivo de configuración
18:53:59,300 (main) INFO  [uniandes.isis2304.parranderos.interfazDemo.InterfazSuperandes] - Se encontró un archivo de configuración válido: Tablas BD
18:54:17,822 (AWT-EventQueue-0) INFO  [uniandes.isis2304.parranderos.negocio.SuperAndes] - Iniciando sesión del usuario [10]
18:54:17,938 (AWT-EventQueue-0) INFO  [uniandes.isis2304.parranderos.negocio.SuperAndes] - Obtenido usuario: [uniandes.isis2304.parranderos.negocio.Usuarios@2ca08ccd]
19:01:11,160 (main) INFO  [uniandes.isis2304.parranderos.interfazDemo.InterfazSuperandes] - Se encontró un archivo de configuración válido: Interfaz
19:01:11,161 (main) INFO  [uniandes.isis2304.parranderos.interfazDemo.InterfazSuperandes] - Se aplica configuración indicada en el archivo de configuración
19:01:11,181 (main) INFO  [uniandes.isis2304.parranderos.interfazDemo.InterfazSuperandes] - Se encontró un archivo de configuración válido: Tablas BD
19:01:44,801 (AWT-EventQueue-0) INFO  [uniandes.isis2304.parranderos.negocio.SuperAndes] - Iniciando sesión del usuario [10]
19:01:44,916 (AWT-EventQueue-0) INFO  [uniandes.isis2304.parranderos.negocio.SuperAndes] - Obtenido usuario: [uniandes.isis2304.parranderos.negocio.Usuarios@14d18fd7]
19:01:56,238 (AWT-EventQueue-0) INFO  [uniandes.isis2304.parranderos.negocio.SuperAndes] - Adicionando bodegaCapacidad [7]
19:01:58,666 (AWT-EventQueue-0) INFO  [uniandes.isis2304.parranderos.negocio.SuperAndes] - Adicionando Bodega: uniandes.isis2304.parranderos.negocio.Bodega@7674e769 tuplas insertadas
19:08:26,535 (main) INFO  [uniandes.isis2304.parranderos.interfazDemo.InterfazSuperandes] - Se encontró un archivo de configuración válido: Interfaz
19:08:26,535 (main) INFO  [uniandes.isis2304.parranderos.interfazDemo.InterfazSuperandes] - Se aplica configuración indicada en el archivo de configuración
19:08:26,554 (main) INFO  [uniandes.isis2304.parranderos.interfazDemo.InterfazSuperandes] - Se encontró un archivo de configuración válido: Tablas BD
19:08:36,088 (AWT-EventQueue-0) INFO  [uniandes.isis2304.parranderos.negocio.SuperAndes] - Iniciando sesión del usuario [10]
19:08:36,201 (AWT-EventQueue-0) INFO  [uniandes.isis2304.parranderos.negocio.SuperAndes] - Obtenido usuario: [uniandes.isis2304.parranderos.negocio.Usuarios@36c65079]
19:09:19,364 (AWT-EventQueue-0) INFO  [uniandes.isis2304.parranderos.negocio.SuperAndes] - Adicionando bodegavolumenLimite [5]
19:09:21,898 (AWT-EventQueue-0) INFO  [uniandes.isis2304.parranderos.negocio.SuperAndes] - Adicionando Bodega: uniandes.isis2304.parranderos.negocio.Estante@2222055a tuplas insertadas
19:47:36,677 (main) INFO  [uniandes.isis2304.parranderos.interfazDemo.InterfazSuperandes] - Se encontró un archivo de configuración válido: Interfaz
19:47:36,678 (main) INFO  [uniandes.isis2304.parranderos.interfazDemo.InterfazSuperandes] - Se aplica configuración indicada en el archivo de configuración
19:47:36,709 (main) INFO  [uniandes.isis2304.parranderos.interfazDemo.InterfazSuperandes] - Se encontró un archivo de configuración válido: Tablas BD
19:51:36,756 (main) INFO  [uniandes.isis2304.parranderos.interfazDemo.InterfazSuperandes] - Se encontró un archivo de configuración válido: Interfaz
19:51:36,757 (main) INFO  [uniandes.isis2304.parranderos.interfazDemo.InterfazSuperandes] - Se aplica configuración indicada en el archivo de configuración
19:51:36,777 (main) INFO  [uniandes.isis2304.parranderos.interfazDemo.InterfazSuperandes] - Se encontró un archivo de configuración válido: Tablas BD
19:51:53,935 (AWT-EventQueue-0) INFO  [uniandes.isis2304.parranderos.negocio.SuperAndes] - Iniciando sesión del usuario [10]
19:51:54,029 (AWT-EventQueue-0) INFO  [uniandes.isis2304.parranderos.negocio.SuperAndes] - Obtenido usuario: [uniandes.isis2304.parranderos.negocio.Usuarios@2f9f5221]
19:52:28,373 (AWT-EventQueue-0) INFO  [uniandes.isis2304.parranderos.negocio.SuperAndes] - Registrando Usuario [112]
19:52:29,438 (AWT-EventQueue-0) INFO  [uniandes.isis2304.parranderos.negocio.SuperAndes] - Registrado cliente: uniandes.isis2304.parranderos.negocio.Usuarios@4fe52bf tuplas insertadas
19:59:29,773 (main) INFO  [uniandes.isis2304.parranderos.interfazDemo.InterfazSuperandes] - Se encontró un archivo de configuración válido: Interfaz
19:59:29,774 (main) INFO  [uniandes.isis2304.parranderos.interfazDemo.InterfazSuperandes] - Se aplica configuración indicada en el archivo de configuración
19:59:29,795 (main) INFO  [uniandes.isis2304.parranderos.interfazDemo.InterfazSuperandes] - Se encontró un archivo de configuración válido: Tablas BD
20:00:13,009 (AWT-EventQueue-0) INFO  [uniandes.isis2304.parranderos.negocio.SuperAndes] - Iniciando sesión del usuario [10]
20:00:13,097 (AWT-EventQueue-0) INFO  [uniandes.isis2304.parranderos.negocio.SuperAndes] - Obtenido usuario: [uniandes.isis2304.parranderos.negocio.Usuarios@22aae2e0]
20:01:00,882 (AWT-EventQueue-0) INFO  [uniandes.isis2304.parranderos.negocio.SuperAndes] - Iniciando sesión del usuario [11]
20:01:00,922 (AWT-EventQueue-0) INFO  [uniandes.isis2304.parranderos.negocio.SuperAndes] - Obtenido usuario: []
20:01:28,928 (AWT-EventQueue-0) INFO  [uniandes.isis2304.parranderos.negocio.SuperAndes] - Iniciando sesión del usuario [11]
20:01:28,987 (AWT-EventQueue-0) INFO  [uniandes.isis2304.parranderos.negocio.SuperAndes] - Obtenido usuario: []
20:01:39,696 (main) INFO  [uniandes.isis2304.parranderos.interfazDemo.InterfazSuperandes] - Se encontró un archivo de configuración válido: Interfaz
20:01:39,697 (main) INFO  [uniandes.isis2304.parranderos.interfazDemo.InterfazSuperandes] - Se aplica configuración indicada en el archivo de configuración
20:01:39,715 (main) INFO  [uniandes.isis2304.parranderos.interfazDemo.InterfazSuperandes] - Se encontró un archivo de configuración válido: Tablas BD
20:02:08,383 (AWT-EventQueue-0) INFO  [uniandes.isis2304.parranderos.negocio.SuperAndes] - Iniciando sesión del usuario [11]
20:02:08,464 (AWT-EventQueue-0) INFO  [uniandes.isis2304.parranderos.negocio.SuperAndes] - Obtenido usuario: []
20:02:27,108 (main) INFO  [uniandes.isis2304.parranderos.interfazDemo.InterfazSuperandes] - Se encontró un archivo de configuración válido: Interfaz
20:02:27,109 (main) INFO  [uniandes.isis2304.parranderos.interfazDemo.InterfazSuperandes] - Se aplica configuración indicada en el archivo de configuración
20:02:27,127 (main) INFO  [uniandes.isis2304.parranderos.interfazDemo.InterfazSuperandes] - Se encontró un archivo de configuración válido: Tablas BD
20:02:39,591 (AWT-EventQueue-0) INFO  [uniandes.isis2304.parranderos.negocio.SuperAndes] - Iniciando sesión del usuario [11]
20:02:39,670 (AWT-EventQueue-0) INFO  [uniandes.isis2304.parranderos.negocio.SuperAndes] - Obtenido usuario: []
20:03:16,164 (AWT-EventQueue-0) INFO  [uniandes.isis2304.parranderos.negocio.SuperAndes] - Iniciando sesión del usuario [112]
20:03:16,211 (AWT-EventQueue-0) INFO  [uniandes.isis2304.parranderos.negocio.SuperAndes] - Obtenido usuario: [uniandes.isis2304.parranderos.negocio.Usuarios@429704dc]
20:06:21,221 (AWT-EventQueue-0) INFO  [uniandes.isis2304.parranderos.negocio.SuperAndes] - Iniciando sesión del usuario [11]
20:06:21,258 (AWT-EventQueue-0) INFO  [uniandes.isis2304.parranderos.negocio.SuperAndes] - Obtenido usuario: []
20:08:53,400 (AWT-EventQueue-0) INFO  [uniandes.isis2304.parranderos.negocio.SuperAndes] - Iniciando sesión del usuario [10]
20:08:53,449 (AWT-EventQueue-0) INFO  [uniandes.isis2304.parranderos.negocio.SuperAndes] - Obtenido usuario: [uniandes.isis2304.parranderos.negocio.Usuarios@1eab4090]
20:09:05,892 (AWT-EventQueue-0) INFO  [uniandes.isis2304.parranderos.negocio.SuperAndes] - Iniciando sesión del usuario [11]
20:09:05,924 (AWT-EventQueue-0) INFO  [uniandes.isis2304.parranderos.negocio.SuperAndes] - Obtenido usuario: []
20:14:21,778 (main) INFO  [uniandes.isis2304.parranderos.interfazDemo.InterfazSuperandes] - Se encontró un archivo de configuración válido: Interfaz
20:14:21,778 (main) INFO  [uniandes.isis2304.parranderos.interfazDemo.InterfazSuperandes] - Se aplica configuración indicada en el archivo de configuración
20:14:21,804 (main) INFO  [uniandes.isis2304.parranderos.interfazDemo.InterfazSuperandes] - Se encontró un archivo de configuración válido: Tablas BD
20:14:36,231 (AWT-EventQueue-0) INFO  [uniandes.isis2304.parranderos.negocio.SuperAndes] - Iniciando sesión del usuario [11]
20:14:36,316 (AWT-EventQueue-0) INFO  [uniandes.isis2304.parranderos.negocio.SuperAndes] - Obtenido usuario: []
20:16:06,830 (AWT-EventQueue-0) INFO  [uniandes.isis2304.parranderos.negocio.SuperAndes] - Iniciando sesión del usuario [13]
20:16:06,856 (AWT-EventQueue-0) INFO  [uniandes.isis2304.parranderos.negocio.SuperAndes] - Obtenido usuario: []
20:16:58,251 (main) INFO  [uniandes.isis2304.parranderos.interfazDemo.InterfazSuperandes] - Se encontró un archivo de configuración válido: Interfaz
20:16:58,252 (main) INFO  [uniandes.isis2304.parranderos.interfazDemo.InterfazSuperandes] - Se aplica configuración indicada en el archivo de configuración
20:16:58,275 (main) INFO  [uniandes.isis2304.parranderos.interfazDemo.InterfazSuperandes] - Se encontró un archivo de configuración válido: Tablas BD
20:17:11,161 (AWT-EventQueue-0) INFO  [uniandes.isis2304.parranderos.negocio.SuperAndes] - Iniciando sesión del usuario [13]
20:17:11,248 (AWT-EventQueue-0) INFO  [uniandes.isis2304.parranderos.negocio.SuperAndes] - Obtenido usuario: []
20:17:26,851 (AWT-EventQueue-0) INFO  [uniandes.isis2304.parranderos.negocio.SuperAndes] - Iniciando sesión del usuario [10]
20:17:26,893 (AWT-EventQueue-0) INFO  [uniandes.isis2304.parranderos.negocio.SuperAndes] - Obtenido usuario: [uniandes.isis2304.parranderos.negocio.Usuarios@f9119d2]
20:18:14,971 (main) INFO  [uniandes.isis2304.parranderos.interfazDemo.InterfazSuperandes] - Se encontró un archivo de configuración válido: Interfaz
20:18:14,972 (main) INFO  [uniandes.isis2304.parranderos.interfazDemo.InterfazSuperandes] - Se aplica configuración indicada en el archivo de configuración
20:18:14,991 (main) INFO  [uniandes.isis2304.parranderos.interfazDemo.InterfazSuperandes] - Se encontró un archivo de configuración válido: Tablas BD
20:18:29,085 (AWT-EventQueue-0) INFO  [uniandes.isis2304.parranderos.negocio.SuperAndes] - Iniciando sesión del usuario [10]
20:18:29,172 (AWT-EventQueue-0) INFO  [uniandes.isis2304.parranderos.negocio.SuperAndes] - Obtenido usuario: [uniandes.isis2304.parranderos.negocio.Usuarios@5fc305e6]
20:18:40,407 (AWT-EventQueue-0) INFO  [uniandes.isis2304.parranderos.negocio.SuperAndes] - Iniciando sesión del usuario [11]
20:18:40,446 (AWT-EventQueue-0) INFO  [uniandes.isis2304.parranderos.negocio.SuperAndes] - Obtenido usuario: []
20:19:04,291 (main) INFO  [uniandes.isis2304.parranderos.interfazDemo.InterfazSuperandes] - Se encontró un archivo de configuración válido: Interfaz
20:19:04,292 (main) INFO  [uniandes.isis2304.parranderos.interfazDemo.InterfazSuperandes] - Se aplica configuración indicada en el archivo de configuración
20:19:04,315 (main) INFO  [uniandes.isis2304.parranderos.interfazDemo.InterfazSuperandes] - Se encontró un archivo de configuración válido: Tablas BD
20:19:14,945 (main) INFO  [uniandes.isis2304.parranderos.interfazDemo.InterfazSuperandes] - Se encontró un archivo de configuración válido: Interfaz
20:19:14,945 (main) INFO  [uniandes.isis2304.parranderos.interfazDemo.InterfazSuperandes] - Se aplica configuración indicada en el archivo de configuración
20:19:14,965 (main) INFO  [uniandes.isis2304.parranderos.interfazDemo.InterfazSuperandes] - Se encontró un archivo de configuración válido: Tablas BD
20:19:31,633 (AWT-EventQueue-0) INFO  [uniandes.isis2304.parranderos.negocio.SuperAndes] - Iniciando sesión del usuario [11]
20:19:31,719 (AWT-EventQueue-0) INFO  [uniandes.isis2304.parranderos.negocio.SuperAndes] - Obtenido usuario: []
20:22:20,506 (main) INFO  [uniandes.isis2304.parranderos.interfazDemo.InterfazSuperandes] - Se encontró un archivo de configuración válido: Interfaz
20:22:20,507 (main) INFO  [uniandes.isis2304.parranderos.interfazDemo.InterfazSuperandes] - Se aplica configuración indicada en el archivo de configuración
20:22:20,544 (main) INFO  [uniandes.isis2304.parranderos.interfazDemo.InterfazSuperandes] - Se encontró un archivo de configuración válido: Tablas BD
20:22:31,308 (AWT-EventQueue-0) INFO  [uniandes.isis2304.parranderos.negocio.SuperAndes] - Iniciando sesión del usuario [11]
20:22:31,417 (AWT-EventQueue-0) INFO  [uniandes.isis2304.parranderos.negocio.SuperAndes] - Obtenido usuario: []
20:23:05,563 (AWT-EventQueue-0) INFO  [uniandes.isis2304.parranderos.negocio.SuperAndes] - Iniciando sesión del usuario [112]
20:23:05,597 (AWT-EventQueue-0) INFO  [uniandes.isis2304.parranderos.negocio.SuperAndes] - Obtenido usuario: [uniandes.isis2304.parranderos.negocio.Usuarios@1225d2e4]
20:23:52,263 (AWT-EventQueue-0) INFO  [uniandes.isis2304.parranderos.negocio.SuperAndes] - Iniciando sesión del usuario [13]
20:23:52,333 (AWT-EventQueue-0) INFO  [uniandes.isis2304.parranderos.negocio.SuperAndes] - Obtenido usuario: []
20:24:57,218 (main) INFO  [uniandes.isis2304.parranderos.interfazDemo.InterfazSuperandes] - Se encontró un archivo de configuración válido: Interfaz
20:24:57,219 (main) INFO  [uniandes.isis2304.parranderos.interfazDemo.InterfazSuperandes] - Se aplica configuración indicada en el archivo de configuración
20:24:57,238 (main) INFO  [uniandes.isis2304.parranderos.interfazDemo.InterfazSuperandes] - Se encontró un archivo de configuración válido: Tablas BD
20:25:08,215 (AWT-EventQueue-0) INFO  [uniandes.isis2304.parranderos.negocio.SuperAndes] - Iniciando sesión del usuario [10]
20:25:08,315 (AWT-EventQueue-0) INFO  [uniandes.isis2304.parranderos.negocio.SuperAndes] - Obtenido usuario: [uniandes.isis2304.parranderos.negocio.Usuarios@6e0fbe37]
20:25:15,147 (AWT-EventQueue-0) INFO  [uniandes.isis2304.parranderos.negocio.SuperAndes] - Iniciando sesión del usuario [11]
20:25:15,171 (AWT-EventQueue-0) INFO  [uniandes.isis2304.parranderos.negocio.SuperAndes] - Obtenido usuario: []
20:29:34,054 (AWT-EventQueue-0) INFO  [uniandes.isis2304.parranderos.negocio.SuperAndes] - Iniciando sesión del usuario [13]
20:29:34,096 (AWT-EventQueue-0) INFO  [uniandes.isis2304.parranderos.negocio.SuperAndes] - Obtenido usuario: [uniandes.isis2304.parranderos.negocio.Usuarios@36d51c02]
20:33:04,805 (main) INFO  [uniandes.isis2304.parranderos.interfazDemo.InterfazSuperandes] - Se encontró un archivo de configuración válido: Interfaz
20:33:04,805 (main) INFO  [uniandes.isis2304.parranderos.interfazDemo.InterfazSuperandes] - Se aplica configuración indicada en el archivo de configuración
20:33:04,830 (main) INFO  [uniandes.isis2304.parranderos.interfazDemo.InterfazSuperandes] - Se encontró un archivo de configuración válido: Tablas BD
20:33:16,870 (AWT-EventQueue-0) INFO  [uniandes.isis2304.parranderos.negocio.SuperAndes] - Iniciando sesión del usuario [13]
20:33:16,962 (AWT-EventQueue-0) INFO  [uniandes.isis2304.parranderos.negocio.SuperAndes] - Obtenido usuario: [uniandes.isis2304.parranderos.negocio.Usuarios@7481c0f7]
20:34:47,383 (AWT-EventQueue-0) INFO  [uniandes.isis2304.parranderos.negocio.SuperAndes] - Iniciando sesión del usuario [10]
20:34:47,443 (AWT-EventQueue-0) INFO  [uniandes.isis2304.parranderos.negocio.SuperAndes] - Obtenido usuario: [uniandes.isis2304.parranderos.negocio.Usuarios@49d17669]
20:37:31,044 (main) INFO  [uniandes.isis2304.parranderos.interfazDemo.InterfazSuperandes] - Se encontró un archivo de configuración válido: Interfaz
20:37:31,044 (main) INFO  [uniandes.isis2304.parranderos.interfazDemo.InterfazSuperandes] - Se aplica configuración indicada en el archivo de configuración
20:37:31,071 (main) INFO  [uniandes.isis2304.parranderos.interfazDemo.InterfazSuperandes] - Se encontró un archivo de configuración válido: Tablas BD
20:37:42,522 (AWT-EventQueue-0) INFO  [uniandes.isis2304.parranderos.negocio.SuperAndes] - Iniciando sesión del usuario [10]
20:37:42,631 (AWT-EventQueue-0) INFO  [uniandes.isis2304.parranderos.negocio.SuperAndes] - Obtenido usuario: [uniandes.isis2304.parranderos.negocio.Usuarios@6db9f079]
20:37:57,592 (AWT-EventQueue-0) INFO  [uniandes.isis2304.parranderos.negocio.SuperAndes] - Iniciando sesión del usuario [13]
20:37:57,633 (AWT-EventQueue-0) INFO  [uniandes.isis2304.parranderos.negocio.SuperAndes] - Obtenido usuario: [uniandes.isis2304.parranderos.negocio.Usuarios@65eee751]
20:38:04,728 (AWT-EventQueue-0) INFO  [uniandes.isis2304.parranderos.negocio.SuperAndes] - Iniciando sesión del usuario [10]
20:38:04,765 (AWT-EventQueue-0) INFO  [uniandes.isis2304.parranderos.negocio.SuperAndes] - Obtenido usuario: [uniandes.isis2304.parranderos.negocio.Usuarios@7401ee04]
20:41:20,378 (main) INFO  [uniandes.isis2304.parranderos.interfazDemo.InterfazSuperandes] - Se encontró un archivo de configuración válido: Interfaz
20:41:20,379 (main) INFO  [uniandes.isis2304.parranderos.interfazDemo.InterfazSuperandes] - Se aplica configuración indicada en el archivo de configuración
20:41:20,398 (main) INFO  [uniandes.isis2304.parranderos.interfazDemo.InterfazSuperandes] - Se encontró un archivo de configuración válido: Tablas BD
20:41:30,865 (AWT-EventQueue-0) INFO  [uniandes.isis2304.parranderos.negocio.SuperAndes] - Iniciando sesión del usuario [10]
20:41:30,982 (AWT-EventQueue-0) INFO  [uniandes.isis2304.parranderos.negocio.SuperAndes] - Obtenido usuario: [uniandes.isis2304.parranderos.negocio.Usuarios@2cc70525]
20:42:07,164 (AWT-EventQueue-0) INFO  [uniandes.isis2304.parranderos.negocio.SuperAndes] - Adicionando producto [galleta]
20:42:09,474 (AWT-EventQueue-0) INFO  [uniandes.isis2304.parranderos.negocio.SuperAndes] - Adicionando visitan: Producto [codigo=83, nombre=galleta, marca=bimbo, precioUnitario=5, presentacionpaquete, precioUnidadMedida=5, cantidadPresentacion5, unidadMedida=gr, volumenEmpaque=5, pesoEmpaque=5, tipoProducto=confiteriacategoriaAlmacenamientosecos] tuplas insertadas
20:43:45,742 (AWT-EventQueue-0) INFO  [uniandes.isis2304.parranderos.negocio.SuperAndes] - Iniciando sesión del usuario [13]
20:43:45,767 (AWT-EventQueue-0) INFO  [uniandes.isis2304.parranderos.negocio.SuperAndes] - Obtenido usuario: [uniandes.isis2304.parranderos.negocio.Usuarios@5abf8046]
20:44:26,940 (AWT-EventQueue-0) INFO  [uniandes.isis2304.parranderos.negocio.SuperAndes] - Registrando Usuario [15]
20:44:27,039 (AWT-EventQueue-0) INFO  [uniandes.isis2304.parranderos.negocio.SuperAndes] - Registrado cliente: uniandes.isis2304.parranderos.negocio.Usuarios@39f4030 tuplas insertadas
